Determining if the pthread_create exist failed with the following output:
Change Dir: /home/wizzy-aux/wizzy_git/simulation_ws/build/CMakeFiles/CMakeTmp

Run Build Command:"/usr/bin/make" "cmTC_0d74d/fast"
/usr/bin/make -f CMakeFiles/cmTC_0d74d.dir/build.make CMakeFiles/cmTC_0d74d.dir/build
make[1]: Entering directory '/home/wizzy-aux/wizzy_git/simulation_ws/build/CMakeFiles/CMakeTmp'
Building C object CMakeFiles/cmTC_0d74d.dir/CheckSymbolExists.c.o
/usr/bin/cc    -o CMakeFiles/cmTC_0d74d.dir/CheckSymbolExists.c.o   -c /home/wizzy-aux/wizzy_git/simulation_ws/build/CMakeFiles/CMakeTmp/CheckSymbolExists.c
Linking C executable cmTC_0d74d
/usr/bin/cmake -E cmake_link_script CMakeFiles/cmTC_0d74d.dir/link.txt --verbose=1
/usr/bin/cc      -rdynamic CMakeFiles/cmTC_0d74d.dir/CheckSymbolExists.c.o  -o cmTC_0d74d 
CMakeFiles/cmTC_0d74d.dir/CheckSymbolExists.c.o: In function `main':
CheckSymbolExists.c:(.text+0x2c): undefined reference to `pthread_create'
collect2: error: ld returned 1 exit status
CMakeFiles/cmTC_0d74d.dir/build.make:97: recipe for target 'cmTC_0d74d' failed
make[1]: *** [cmTC_0d74d] Error 1
make[1]: Leaving directory '/home/wizzy-aux/wizzy_git/simulation_ws/build/CMakeFiles/CMakeTmp'
Makefile:126: recipe for target 'cmTC_0d74d/fast' failed
make: *** [cmTC_0d74d/fast] Error 2

File /home/wizzy-aux/wizzy_git/simulation_ws/build/CMakeFiles/CMakeTmp/CheckSymbolExists.c:
/* */
#include <pthread.h>

int main(int argc, char** argv)
{
  (void)argv;
#ifndef pthread_create
  return ((int*)(&pthread_create))[argc];
#else
  (void)argc;
  return 0;
#endif
}

Determining if the function pthread_create exists in the pthreads failed with the following output:
Change Dir: /home/wizzy-aux/wizzy_git/simulation_ws/build/CMakeFiles/CMakeTmp

Run Build Command:"/usr/bin/make" "cmTC_b3d42/fast"
/usr/bin/make -f CMakeFiles/cmTC_b3d42.dir/build.make CMakeFiles/cmTC_b3d42.dir/build
make[1]: Entering directory '/home/wizzy-aux/wizzy_git/simulation_ws/build/CMakeFiles/CMakeTmp'
Building C object CMakeFiles/cmTC_b3d42.dir/CheckFunctionExists.c.o
/usr/bin/cc   -DCHECK_FUNCTION_EXISTS=pthread_create   -o CMakeFiles/cmTC_b3d42.dir/CheckFunctionExists.c.o   -c /usr/share/cmake-3.10/Modules/CheckFunctionExists.c
Linking C executable cmTC_b3d42
/usr/bin/cmake -E cmake_link_script CMakeFiles/cmTC_b3d42.dir/link.txt --verbose=1
/usr/bin/cc  -DCHECK_FUNCTION_EXISTS=pthread_create    -rdynamic CMakeFiles/cmTC_b3d42.dir/CheckFunctionExists.c.o  -o cmTC_b3d42 -lpthreads 
/usr/bin/ld: cannot find -lpthreads
collect2: error: ld returned 1 exit status
CMakeFiles/cmTC_b3d42.dir/build.make:97: recipe for target 'cmTC_b3d42' failed
make[1]: *** [cmTC_b3d42] Error 1
make[1]: Leaving directory '/home/wizzy-aux/wizzy_git/simulation_ws/build/CMakeFiles/CMakeTmp'
Makefile:126: recipe for target 'cmTC_b3d42/fast' failed
make: *** [cmTC_b3d42/fast] Error 2


